<?xml version="1.0" encoding="UTF-8"?>
<!-- Generated by org.testng.reporters.JUnitXMLReporter -->
<testsuite ignored="0" hostname="DESKTOP-M4GRLMR" failures="0" tests="3" name="Default test" time="20.433" errors="0" timestamp="2023-11-21T20:02:53 EET">
  <testcase classname="MyTestcases" name="addTwoItems" time="6.539"/>
  <testcase classname="MyTestcases" name="addthreeItems" time="5.486"/>
  <testcase classname="MyTestcases" name="addFourItems" time="8.268"/>
</testsuite> <!-- Default test -->
