<?xml version="1.0" encoding="UTF-8"?>
<testng-results ignored="0" total="3" passed="3" failed="0" skipped="0">
  <reporter-output>
  </reporter-output>
  <suite started-at="2023-11-21T20:02:33 EET" name="Default suite" finished-at="2023-11-21T20:02:53 EET" duration-ms="20433">
    <groups>
    </groups>
    <test started-at="2023-11-21T20:02:33 EET" name="Default test" finished-at="2023-11-21T20:02:53 EET" duration-ms="20433">
      <class name="MyTestcases">
        <test-method is-config="true" signature="mySetup()[pri:0, instance:MyTestcases@5ad10c1a]" started-at="2023-11-21T20:02:33 EET" name="mySetup" finished-at="2023-11-21T20:02:33 EET" duration-ms="118" status="PASS">
          <reporter-output>
          </reporter-output>
        </test-method> <!-- mySetup -->
        <test-method signature="addTwoItems()[pri:1, instance:MyTestcases@5ad10c1a]" started-at="2023-11-21T20:02:33 EET" name="addTwoItems" finished-at="2023-11-21T20:02:39 EET" duration-ms="6539" status="PASS">
          <reporter-output>
          </reporter-output>
        </test-method> <!-- addTwoItems -->
        <test-method signature="addthreeItems()[pri:2, instance:MyTestcases@5ad10c1a]" started-at="2023-11-21T20:02:39 EET" name="addthreeItems" finished-at="2023-11-21T20:02:45 EET" duration-ms="5486" status="PASS">
          <reporter-output>
          </reporter-output>
        </test-method> <!-- addthreeItems -->
        <test-method signature="addFourItems()[pri:3, instance:MyTestcases@5ad10c1a]" started-at="2023-11-21T20:02:45 EET" name="addFourItems" finished-at="2023-11-21T20:02:53 EET" duration-ms="8268" status="PASS">
          <reporter-output>
          </reporter-output>
        </test-method> <!-- addFourItems -->
      </class> <!-- MyTestcases -->
    </test> <!-- Default test -->
  </suite> <!-- Default suite -->
</testng-results>
